[18:34:49] [main/INFO]: Loading Minecraft 26.1.2 with Fabric Loader 0.19.2
[18:34:49] [main/INFO]: Mappings not present!
[18:34:57] [main/WARN]: Mod resolution failed
[18:34:57] [main/INFO]: Immediate reason: [HARD_DEP_INCOMPATIBLE_PRESELECTED clumps 29.0.0.1 {depends minecraft @ [1.21.11]}, ROOT_FORCELOAD_SINGLE clumps 29.0.0.1]
[18:34:57] [main/INFO]: Reason: [HARD_DEP fabric-api 0.141.3+1.21.11 {depends minecraft @ [>=1.21.11- <1.21.12-]}, NEG_HARD_DEP sodium 0.8.12-beta.1+mc26.1.2 {breaks fabric-api @ [<0.145.1]}, HARD_DEP clumps 29.0.0.1 {depends minecraft @ [1.21.11]}, HARD_DEP continuity 3.0.1-beta.2+26.1 {depends fabric-api @ [>=0.145.4]}, HARD_DEP controlling 29.0.1 {depends minecraft @ [1.21.11]}, HARD_DEP searchables 1.0.4 {depends minecraft @ [1.21.11]}, HARD_DEP cubes-without-borders 3.0.0-build.14+mc1.21.11 {depends minecraft @ [>=1.21.11 <26.1]}, HARD_DEP dynamiccrosshair 9.12 {depends fabric-api @ [>=0.144.0]}, HARD_DEP rocketclient 0.1.0 {depends minecraft @ [~1.21.4]}, HARD_DEP skinlayers3d 1.11.1 {depends minecraft @ [1.21.x]}, NEG_HARD_DEP voicechat 2.6.17+26.1.2 {breaks fabric-api @ [<0.144.3+26.1]}, HARD_DEP xaeroworldmap 1.40.16 {depends minecraft @ [1.21.11]}, HARD_DEP yet_another_config_lib_v3 3.8.2+1.21.11-fabric {depends minecraft @ [~1.21.11]}, HARD_DEP dynamiccrosshair-api 1.3.1 {depends fabric-api @ [>=0.144.0]}, HARD_DEP libbamboo 2.29 {depends fabric-api @ [>=0.144.0]}]
[18:34:57] [main/INFO]: Fix: add [], remove [], replace [[fabric-api 0.148.0+26.1.2, fabric-api 0.146.1+26.1.2, fabric-api 0.141.3+1.21.11] -> add:fabric-api 0.145.4 ([[0.145.4,∞)]), [searchables 1.0.4] -> add:searchables 1.0.1 ([(-∞,∞)]), [skinlayers3d 1.11.1] -> add:skinlayers3d 1 ([(-∞,∞)]), [controlling 29.0.1] -> add:controlling 1 ([(-∞,∞)]), [cubes-without-borders 3.0.0-build.14+mc1.21.11] -> add:cubes-without-borders 1 ([(-∞,∞)]), [clumps 29.0.0.1] -> add:clumps 1 ([(-∞,∞)]), [rocketclient 0.1.0] -> add:rocketclient 1 ([(-∞,∞)])]
[18:34:57] [main/ERROR]: Incompatible mods found!
net.fabricmc.loader.impl.FormattedException: Some of your mods are incompatible with the game or each other!
A potential solution has been determined, this may resolve your problem:
	 - Replace mod 'Fabric API' (fabric-api) 0.141.3+1.21.11, mod 'Fabric API' (fabric-api) 0.146.1+26.1.2 and mod 'Fabric API' (fabric-api) 0.148.0+26.1.2 with mod 'Fabric API' (fabric-api), version 0.145.4 or later.
	 - Replace mod 'Searchables' (searchables) 1.0.4 with any version that is compatible with:
		 - minecraft 26.1.2
	 - Replace mod '3d-Skin-Layers' (skinlayers3d) 1.11.1 with any version that is compatible with:
		 - minecraft 26.1.2
		 - fabric-api, version 0.145.4 or later
	 - Replace mod 'Controlling' (controlling) 29.0.1 with any version that is compatible with:
		 - minecraft 26.1.2
		 - searchables, any version
		 - fabric-api, version 0.145.4 or later
	 - Replace mod 'Cubes Without Borders' (cubes-without-borders) 3.0.0-build.14+mc1.21.11 with any version that is compatible with:
		 - minecraft 26.1.2
	 - Replace mod 'Clumps' (clumps) 29.0.0.1 with any version that is compatible with:
		 - minecraft 26.1.2
	 - Replace mod 'Rocket Client' (rocketclient) 0.1.0 with any version that is compatible with:
		 - minecraft 26.1.2
		 - fabric-api, version 0.145.4 or later
More details:
	 - Mod 'Fabric API' (fabric-api) 0.141.3+1.21.11 requires any version between 1.21.11- (inclusive) and 1.21.12- (exclusive) of 'Minecraft' (minecraft), but only the wrong version is present: 26.1.2!
	 - Mod 'Sodium' (sodium) 0.8.12-beta.1+mc26.1.2 is incompatible with any version before 0.145.1 of mod 'Fabric API' (fabric-api), but matching versions are present: 0.148.0+26.1.2/0.146.1+26.1.2/0.141.3+1.21.11!
	 - Mod 'Clumps' (clumps) 29.0.0.1 requires version 1.21.11 of 'Minecraft' (minecraft), but only the wrong version is present: 26.1.2!
	 - Mod 'Continuity' (continuity) 3.0.1-beta.2+26.1 requires version 0.145.4 or later of mod 'Fabric API' (fabric-api), which can't be loaded due to other constraints!
	 - Mod 'Controlling' (controlling) 29.0.1 requires version 1.21.11 of 'Minecraft' (minecraft), but only the wrong version is present: 26.1.2!
	 - Mod 'Searchables' (searchables) 1.0.4 requires version 1.21.11 of 'Minecraft' (minecraft), but only the wrong version is present: 26.1.2!
	 - Mod 'Cubes Without Borders' (cubes-without-borders) 3.0.0-build.14+mc1.21.11 requires any version between 1.21.11 (inclusive) and 26.1 (exclusive) of 'Minecraft' (minecraft), but only the wrong version is present: 26.1.2!
	 - Mod 'Dynamic Crosshair' (dynamiccrosshair) 9.12 requires version 0.144.0 or later of mod 'Fabric API' (fabric-api), which can't be loaded due to other constraints!
	 - Mod 'Rocket Client' (rocketclient) 0.1.0 requires any version between 1.21.4 (inclusive) and 1.22- (exclusive) of 'Minecraft' (minecraft), but only the wrong version is present: 26.1.2!
	 - Mod '3d-Skin-Layers' (skinlayers3d) 1.11.1 requires any 1.21.x version of 'Minecraft' (minecraft), but only the wrong version is present: 26.1.2!
	 - Mod 'Simple Voice Chat' (voicechat) 2.6.17+26.1.2 is incompatible with any version before 0.144.3+26.1 of mod 'Fabric API' (fabric-api), but matching versions are present: 0.148.0+26.1.2/0.146.1+26.1.2/0.141.3+1.21.11!
	 - Mod 'Xaero's World Map' (xaeroworldmap) 1.40.16 requires version 1.21.11 of 'Minecraft' (minecraft), but only the wrong version is present: 26.1.2!
	 - Mod 'YetAnotherConfigLib' (yet_another_config_lib_v3) 3.8.2+1.21.11-fabric requires any version between 1.21.11 (inclusive) and 1.22- (exclusive) of 'Minecraft' (minecraft), but only the wrong version is present: 26.1.2!
	 - Mod 'Dynamic Crosshair API' (dynamiccrosshair-api) 1.3.1 requires version 0.144.0 or later of mod 'Fabric API' (fabric-api), which can't be loaded due to other constraints!
	 - Mod 'LibBamboo' (libbamboo) 2.29 requires version 0.144.0 or later of mod 'Fabric API' (fabric-api), which can't be loaded due to other constraints!
	at net.fabricmc.loader.impl.FormattedException.ofLocalized(FormattedException.java:51)
	at net.fabricmc.loader.impl.FabricLoaderImpl.load(FabricLoaderImpl.java:202)
	at net.fabricmc.loader.impl.launch.knot.Knot.init(Knot.java:142)
	at net.fabricmc.loader.impl.launch.knot.Knot.launch(Knot.java:66)
	at net.fabricmc.loader.impl.launch.knot.KnotClient.main(KnotClient.java:23)
